<?xml version="1.0" encoding="UTF-8"?>
<testsuite xmlns:xsi="http://www.w3.org/2001/XMLSchema-instance" xsi:noNamespaceSchemaLocation="https://maven.apache.org/surefire/maven-surefire-plugin/xsd/surefire-test-report-3.0.xsd" version="3.0" name="org.schemaspy.cli.CombinedDefaultProviderTest" time="0.033" tests="7" errors="0" skipped="0" failures="0">
  <properties>
[...]
</properties>
  <testcase name="getDebugWithValueFalseShouldBeFalse" classname="org.schemaspy.cli.CombinedDefaultProviderTest" time="0.006"/>
  <testcase name="willFallbackToSecondIfFirstIsNull" classname="org.schemaspy.cli.CombinedDefaultProviderTest" time="0.002"/>
  <testcase name="getSSOWithOutValueShouldBeTrue" classname="org.schemaspy.cli.CombinedDefaultProviderTest" time="0.001"/>
  <testcase name="definedOrderIsTheOrder" classname="org.schemaspy.cli.CombinedDefaultProviderTest" time="0.002"/>
  <testcase name="getNoHTMLNotDefinedIsFalse" classname="org.schemaspy.cli.CombinedDefaultProviderTest" time="0.001"/>
  <testcase name="getNoHTMLWithoutValueIsTrue" classname="org.schemaspy.cli.CombinedDefaultProviderTest" time="0.002"/>
  <testcase name="returnsNullIfNullIsEverything" classname="org.schemaspy.cli.CombinedDefaultProviderTest" time="0.002"/>
</testsuite>